<?xml version="1.0" encoding="UTF-8"?>
<!-- Generated by org.testng.reporters.JUnitReportReporter -->
<testsuite skipped="0" hostname="DESKTOP-STNITRP" name="tests.base" tests="1" failures="0" timestamp="2020-06-19T08:28:46 BST" time="17.455" errors="0">
  <testcase name="setup" time="17.455" classname="tests.base"/>
  <system-out/>
</testsuite> <!-- tests.base -->
